<?xml version="1.0" encoding="UTF-8"?>
<!-- Generated by org.testng.reporters.JUnitReportReporter -->
<testsuite hostname="DESKTOP-V33SLE7" failures="0" tests="1" name="com.epam.BubbleSortTest" time="0.006" errors="0" timestamp="2022-03-09T14:11:43 MSK" skipped="0">
  <testcase classname="com.epam.BubbleSortTest" name="bubbleSortTest" time="0.006"/>
  <system-out/>
</testsuite> <!-- com.epam.BubbleSortTest -->
