<?xml version="1.0" encoding="UTF-8"?>
<!-- Generated by org.testng.reporters.JUnitReportReporter -->
<testsuite hostname="DESKTOP-V33SLE7" failures="0" tests="1" name="com.epam.GoogleTest" time="4.244" errors="0" timestamp="2022-03-09T10:50:59 MSK" skipped="0">
  <testcase classname="com.epam.GoogleTest" name="openGoogleSearchPage" time="4.244"/>
  <system-out/>
</testsuite> <!-- com.epam.GoogleTest -->
